[2024-11-14T18:59:51.893+0000] {local_task_job_runner.py:120} INFO - ::group::Pre task execution logs
[2024-11-14T18:59:51.944+0000] {taskinstance.py:2076} INFO - Dependencies all met for dep_context=non-requeueable deps ti=<TaskInstance: Stock_DAG_ELT_dbt.dbt_run manual__2024-11-14T18:59:51.312743+00:00 [queued]>
[2024-11-14T18:59:51.952+0000] {taskinstance.py:2076} INFO - Dependencies all met for dep_context=requeueable deps ti=<TaskInstance: Stock_DAG_ELT_dbt.dbt_run manual__2024-11-14T18:59:51.312743+00:00 [queued]>
[2024-11-14T18:59:51.953+0000] {taskinstance.py:2306} INFO - Starting attempt 1 of 1
[2024-11-14T18:59:51.967+0000] {taskinstance.py:2330} INFO - Executing <Task(BashOperator): dbt_run> on 2024-11-14 18:59:51.312743+00:00
[2024-11-14T18:59:51.974+0000] {standard_task_runner.py:90} INFO - Running: ['***', 'tasks', 'run', 'Stock_DAG_ELT_dbt', 'dbt_run', 'manual__2024-11-14T18:59:51.312743+00:00', '--job-id', '83', '--raw', '--subdir', 'DAGS_FOLDER/Stock_DAG_ELT.py', '--cfg-path', '/tmp/tmpx4wrtak8']
[2024-11-14T18:59:51.977+0000] {standard_task_runner.py:91} INFO - Job 83: Subtask dbt_run
[2024-11-14T18:59:51.980+0000] {logging_mixin.py:188} WARNING - /home/***/.local/lib/python3.12/site-packages/***/task/task_runner/standard_task_runner.py:61 DeprecationWarning: This process (pid=4473) is multi-threaded, use of fork() may lead to deadlocks in the child.
[2024-11-14T18:59:51.981+0000] {standard_task_runner.py:63} INFO - Started process 4475 to run task
[2024-11-14T18:59:52.020+0000] {task_command.py:426} INFO - Running <TaskInstance: Stock_DAG_ELT_dbt.dbt_run manual__2024-11-14T18:59:51.312743+00:00 [running]> on host 214073c88124
[2024-11-14T18:59:52.093+0000] {taskinstance.py:2648} INFO - Exporting env vars: AIRFLOW_CTX_DAG_OWNER='***' AIRFLOW_CTX_DAG_ID='Stock_DAG_ELT_dbt' AIRFLOW_CTX_TASK_ID='dbt_run' AIRFLOW_CTX_EXECUTION_DATE='2024-11-14T18:59:51.312743+00:00' AIRFLOW_CTX_TRY_NUMBER='1' AIRFLOW_CTX_DAG_RUN_ID='manual__2024-11-14T18:59:51.312743+00:00'
[2024-11-14T18:59:52.094+0000] {taskinstance.py:430} INFO - ::endgroup::
[2024-11-14T18:59:52.109+0000] {subprocess.py:63} INFO - Tmp dir root location: /tmp
[2024-11-14T18:59:52.111+0000] {subprocess.py:75} INFO - Running command: ['/usr/bin/bash', '-c', '/home/***/.local/bin/dbt run --profiles-dir /opt/***/dbt --project-dir /opt/***/dbt']
[2024-11-14T18:59:52.118+0000] {subprocess.py:86} INFO - Output:
[2024-11-14T18:59:53.890+0000] {subprocess.py:93} INFO - [0m18:59:53  Running with dbt=1.8.7
[2024-11-14T18:59:55.302+0000] {subprocess.py:93} INFO - [0m18:59:55  Registered adapter: snowflake=1.8.4
[2024-11-14T18:59:55.842+0000] {subprocess.py:93} INFO - [0m18:59:55  [[33mWARNING[0m]: Did not find matching node for patch with name 'snapshot_stock_rsi' in the 'snapshots' section of file 'snapshots/snapshot_stock_rsi.yaml'
[2024-11-14T18:59:56.039+0000] {subprocess.py:93} INFO - [0m18:59:56  Found 3 models, 8 data tests, 3 sources, 575 macros
[2024-11-14T18:59:56.042+0000] {subprocess.py:93} INFO - [0m18:59:56
[2024-11-14T18:59:57.556+0000] {subprocess.py:93} INFO - [0m18:59:57  Concurrency: 1 threads (target='dev')
[2024-11-14T18:59:57.557+0000] {subprocess.py:93} INFO - [0m18:59:57
[2024-11-14T18:59:57.583+0000] {subprocess.py:93} INFO - [0m18:59:57  1 of 2 START sql table model analytics.stock_moving_averages ................... [RUN]
[2024-11-14T18:59:59.729+0000] {subprocess.py:93} INFO - [0m18:59:59  1 of 2 OK created sql table model analytics.stock_moving_averages .............. [[32mSUCCESS 1[0m in 2.14s]
[2024-11-14T18:59:59.732+0000] {subprocess.py:93} INFO - [0m18:59:59  2 of 2 START sql table model analytics.stock_rsi ............................... [RUN]
[2024-11-14T19:00:01.464+0000] {subprocess.py:93} INFO - [0m19:00:01  2 of 2 OK created sql table model analytics.stock_rsi .......................... [[32mSUCCESS 1[0m in 1.73s]
[2024-11-14T19:00:01.469+0000] {subprocess.py:93} INFO - [0m19:00:01
[2024-11-14T19:00:01.469+0000] {subprocess.py:93} INFO - [0m19:00:01  Finished running 2 table models in 0 hours 0 minutes and 5.43 seconds (5.43s).
[2024-11-14T19:00:01.519+0000] {subprocess.py:93} INFO - [0m19:00:01
[2024-11-14T19:00:01.520+0000] {subprocess.py:93} INFO - [0m19:00:01  [32mCompleted successfully[0m
[2024-11-14T19:00:01.521+0000] {subprocess.py:93} INFO - [0m19:00:01
[2024-11-14T19:00:01.521+0000] {subprocess.py:93} INFO - [0m19:00:01  Done. PASS=2 WARN=0 ERROR=0 SKIP=0 TOTAL=2
[2024-11-14T19:00:02.284+0000] {subprocess.py:97} INFO - Command exited with return code 0
[2024-11-14T19:00:02.285+0000] {taskinstance.py:441} INFO - ::group::Post task execution logs
[2024-11-14T19:00:02.305+0000] {taskinstance.py:1206} INFO - Marking task as SUCCESS. dag_id=Stock_DAG_ELT_dbt, task_id=dbt_run, run_id=manual__2024-11-14T18:59:51.312743+00:00, execution_date=20241114T185951, start_date=20241114T185951, end_date=20241114T190002
[2024-11-14T19:00:02.327+0000] {local_task_job_runner.py:240} INFO - Task exited with return code 0
[2024-11-14T19:00:02.342+0000] {taskinstance.py:3498} INFO - 1 downstream tasks scheduled from follow-on schedule check
[2024-11-14T19:00:02.344+0000] {local_task_job_runner.py:222} INFO - ::endgroup::
