[2024-11-14T18:43:29.427+0000] {local_task_job_runner.py:120} INFO - ::group::Pre task execution logs
[2024-11-14T18:43:29.463+0000] {taskinstance.py:2076} INFO - Dependencies all met for dep_context=non-requeueable deps ti=<TaskInstance: Stock_DAG_ELT_dbt.dbt_run manual__2024-11-14T18:43:28.276409+00:00 [queued]>
[2024-11-14T18:43:29.469+0000] {taskinstance.py:2076} INFO - Dependencies all met for dep_context=requeueable deps ti=<TaskInstance: Stock_DAG_ELT_dbt.dbt_run manual__2024-11-14T18:43:28.276409+00:00 [queued]>
[2024-11-14T18:43:29.470+0000] {taskinstance.py:2306} INFO - Starting attempt 1 of 1
[2024-11-14T18:43:29.482+0000] {taskinstance.py:2330} INFO - Executing <Task(BashOperator): dbt_run> on 2024-11-14 18:43:28.276409+00:00
[2024-11-14T18:43:29.489+0000] {standard_task_runner.py:90} INFO - Running: ['***', 'tasks', 'run', 'Stock_DAG_ELT_dbt', 'dbt_run', 'manual__2024-11-14T18:43:28.276409+00:00', '--job-id', '81', '--raw', '--subdir', 'DAGS_FOLDER/Stock_DAG_ELT.py', '--cfg-path', '/tmp/tmpa94lyfis']
[2024-11-14T18:43:29.491+0000] {standard_task_runner.py:91} INFO - Job 81: Subtask dbt_run
[2024-11-14T18:43:29.493+0000] {logging_mixin.py:188} WARNING - /home/***/.local/lib/python3.12/site-packages/***/task/task_runner/standard_task_runner.py:61 DeprecationWarning: This process (pid=3883) is multi-threaded, use of fork() may lead to deadlocks in the child.
[2024-11-14T18:43:29.494+0000] {standard_task_runner.py:63} INFO - Started process 3886 to run task
[2024-11-14T18:43:29.528+0000] {task_command.py:426} INFO - Running <TaskInstance: Stock_DAG_ELT_dbt.dbt_run manual__2024-11-14T18:43:28.276409+00:00 [running]> on host 214073c88124
[2024-11-14T18:43:29.600+0000] {taskinstance.py:2648} INFO - Exporting env vars: AIRFLOW_CTX_DAG_OWNER='***' AIRFLOW_CTX_DAG_ID='Stock_DAG_ELT_dbt' AIRFLOW_CTX_TASK_ID='dbt_run' AIRFLOW_CTX_EXECUTION_DATE='2024-11-14T18:43:28.276409+00:00' AIRFLOW_CTX_TRY_NUMBER='1' AIRFLOW_CTX_DAG_RUN_ID='manual__2024-11-14T18:43:28.276409+00:00'
[2024-11-14T18:43:29.601+0000] {taskinstance.py:430} INFO - ::endgroup::
[2024-11-14T18:43:29.619+0000] {subprocess.py:63} INFO - Tmp dir root location: /tmp
[2024-11-14T18:43:29.620+0000] {subprocess.py:75} INFO - Running command: ['/usr/bin/bash', '-c', '/home/***/.local/bin/dbt run --profiles-dir /opt/***/dbt --project-dir /opt/***/dbt']
[2024-11-14T18:43:29.627+0000] {subprocess.py:86} INFO - Output:
[2024-11-14T18:43:30.937+0000] {subprocess.py:93} INFO - [0m18:43:30  Running with dbt=1.8.7
[2024-11-14T18:43:32.324+0000] {subprocess.py:93} INFO - [0m18:43:32  Registered adapter: snowflake=1.8.4
[2024-11-14T18:43:32.511+0000] {subprocess.py:93} INFO - [0m18:43:32  Unable to do partial parsing because saved manifest not found. Starting full parse.
[2024-11-14T18:43:34.198+0000] {subprocess.py:93} INFO - [0m18:43:34  [[33mWARNING[0m]: Deprecated functionality
[2024-11-14T18:43:34.198+0000] {subprocess.py:93} INFO - The `tests` config has been renamed to `data_tests`. Please see
[2024-11-14T18:43:34.198+0000] {subprocess.py:93} INFO - https://docs.getdbt.com/docs/build/data-tests#new-data_tests-syntax for more
[2024-11-14T18:43:34.199+0000] {subprocess.py:93} INFO - information.
[2024-11-14T18:43:34.525+0000] {subprocess.py:93} INFO - [0m18:43:34  [[33mWARNING[0m]: Did not find matching node for patch with name 'snapshot_stock_moving_averages' in the 'snapshots' section of file 'snapshots/snapshot_stock_moving_averages.yaml'
[2024-11-14T18:43:34.755+0000] {subprocess.py:93} INFO - [0m18:43:34  Found 3 models, 8 data tests, 3 sources, 575 macros
[2024-11-14T18:43:34.758+0000] {subprocess.py:93} INFO - [0m18:43:34
[2024-11-14T18:43:36.259+0000] {subprocess.py:93} INFO - [0m18:43:36  Concurrency: 1 threads (target='dev')
[2024-11-14T18:43:36.261+0000] {subprocess.py:93} INFO - [0m18:43:36
[2024-11-14T18:43:36.310+0000] {subprocess.py:93} INFO - [0m18:43:36  1 of 2 START sql table model analytics.stock_moving_averages ................... [RUN]
[2024-11-14T18:43:38.356+0000] {subprocess.py:93} INFO - [0m18:43:38  1 of 2 OK created sql table model analytics.stock_moving_averages .............. [[32mSUCCESS 1[0m in 2.04s]
[2024-11-14T18:43:38.359+0000] {subprocess.py:93} INFO - [0m18:43:38  2 of 2 START sql table model analytics.stock_rsi ............................... [RUN]
[2024-11-14T18:43:40.016+0000] {subprocess.py:93} INFO - [0m18:43:40  2 of 2 OK created sql table model analytics.stock_rsi .......................... [[32mSUCCESS 1[0m in 1.65s]
[2024-11-14T18:43:40.021+0000] {subprocess.py:93} INFO - [0m18:43:40
[2024-11-14T18:43:40.021+0000] {subprocess.py:93} INFO - [0m18:43:40  Finished running 2 table models in 0 hours 0 minutes and 5.26 seconds (5.26s).
[2024-11-14T18:43:40.072+0000] {subprocess.py:93} INFO - [0m18:43:40
[2024-11-14T18:43:40.073+0000] {subprocess.py:93} INFO - [0m18:43:40  [32mCompleted successfully[0m
[2024-11-14T18:43:40.074+0000] {subprocess.py:93} INFO - [0m18:43:40
[2024-11-14T18:43:40.075+0000] {subprocess.py:93} INFO - [0m18:43:40  Done. PASS=2 WARN=0 ERROR=0 SKIP=0 TOTAL=2
[2024-11-14T18:43:40.870+0000] {subprocess.py:97} INFO - Command exited with return code 0
[2024-11-14T18:43:40.871+0000] {taskinstance.py:441} INFO - ::group::Post task execution logs
[2024-11-14T18:43:40.892+0000] {taskinstance.py:1206} INFO - Marking task as SUCCESS. dag_id=Stock_DAG_ELT_dbt, task_id=dbt_run, run_id=manual__2024-11-14T18:43:28.276409+00:00, execution_date=20241114T184328, start_date=20241114T184329, end_date=20241114T184340
[2024-11-14T18:43:40.938+0000] {local_task_job_runner.py:240} INFO - Task exited with return code 0
[2024-11-14T18:43:40.953+0000] {taskinstance.py:3498} INFO - 1 downstream tasks scheduled from follow-on schedule check
[2024-11-14T18:43:40.956+0000] {local_task_job_runner.py:222} INFO - ::endgroup::
