[2024-11-14T17:19:21.818+0000] {local_task_job_runner.py:120} INFO - ::group::Pre task execution logs
[2024-11-14T17:19:21.841+0000] {taskinstance.py:2076} INFO - Dependencies all met for dep_context=non-requeueable deps ti=<TaskInstance: Stock_DAG_ELT_dbt.dbt_run manual__2024-11-14T17:19:19.473515+00:00 [queued]>
[2024-11-14T17:19:21.848+0000] {taskinstance.py:2076} INFO - Dependencies all met for dep_context=requeueable deps ti=<TaskInstance: Stock_DAG_ELT_dbt.dbt_run manual__2024-11-14T17:19:19.473515+00:00 [queued]>
[2024-11-14T17:19:21.849+0000] {taskinstance.py:2306} INFO - Starting attempt 1 of 1
[2024-11-14T17:19:21.860+0000] {taskinstance.py:2330} INFO - Executing <Task(BashOperator): dbt_run> on 2024-11-14 17:19:19.473515+00:00
[2024-11-14T17:19:21.865+0000] {standard_task_runner.py:90} INFO - Running: ['***', 'tasks', 'run', 'Stock_DAG_ELT_dbt', 'dbt_run', 'manual__2024-11-14T17:19:19.473515+00:00', '--job-id', '79', '--raw', '--subdir', 'DAGS_FOLDER/Stock_DAG_ELT.py', '--cfg-path', '/tmp/tmpnuc_nk_e']
[2024-11-14T17:19:21.868+0000] {standard_task_runner.py:91} INFO - Job 79: Subtask dbt_run
[2024-11-14T17:19:21.870+0000] {logging_mixin.py:188} WARNING - /home/***/.local/lib/python3.12/site-packages/***/task/task_runner/standard_task_runner.py:61 DeprecationWarning: This process (pid=1086) is multi-threaded, use of fork() may lead to deadlocks in the child.
[2024-11-14T17:19:21.871+0000] {standard_task_runner.py:63} INFO - Started process 1087 to run task
[2024-11-14T17:19:21.904+0000] {task_command.py:426} INFO - Running <TaskInstance: Stock_DAG_ELT_dbt.dbt_run manual__2024-11-14T17:19:19.473515+00:00 [running]> on host 214073c88124
[2024-11-14T17:19:21.968+0000] {taskinstance.py:2648} INFO - Exporting env vars: AIRFLOW_CTX_DAG_OWNER='***' AIRFLOW_CTX_DAG_ID='Stock_DAG_ELT_dbt' AIRFLOW_CTX_TASK_ID='dbt_run' AIRFLOW_CTX_EXECUTION_DATE='2024-11-14T17:19:19.473515+00:00' AIRFLOW_CTX_TRY_NUMBER='1' AIRFLOW_CTX_DAG_RUN_ID='manual__2024-11-14T17:19:19.473515+00:00'
[2024-11-14T17:19:21.969+0000] {taskinstance.py:430} INFO - ::endgroup::
[2024-11-14T17:19:21.980+0000] {subprocess.py:63} INFO - Tmp dir root location: /tmp
[2024-11-14T17:19:21.981+0000] {subprocess.py:75} INFO - Running command: ['/usr/bin/bash', '-c', '/home/***/.local/bin/dbt run --profiles-dir /opt/***/dbt --project-dir /opt/***/dbt']
[2024-11-14T17:19:21.988+0000] {subprocess.py:86} INFO - Output:
[2024-11-14T17:19:23.812+0000] {subprocess.py:93} INFO - [0m17:19:23  Running with dbt=1.8.7
[2024-11-14T17:19:24.669+0000] {subprocess.py:93} INFO - [0m17:19:24  Registered adapter: snowflake=1.8.4
[2024-11-14T17:19:25.719+0000] {subprocess.py:93} INFO - [0m17:19:25  Encountered an error:
[2024-11-14T17:19:25.720+0000] {subprocess.py:93} INFO - 'dbt_snowflake://macros/catalog.sql'
[2024-11-14T17:19:25.721+0000] {subprocess.py:93} INFO - [0m17:19:25  Traceback (most recent call last):
[2024-11-14T17:19:25.721+0000] {subprocess.py:93} INFO -   File "/home/***/.local/lib/python3.12/site-packages/dbt/cli/requires.py", line 138, in wrapper
[2024-11-14T17:19:25.721+0000] {subprocess.py:93} INFO -     result, success = func(*args, **kwargs)
[2024-11-14T17:19:25.722+0000] {subprocess.py:93} INFO -                       ^^^^^^^^^^^^^^^^^^^^^
[2024-11-14T17:19:25.722+0000] {subprocess.py:93} INFO -   File "/home/***/.local/lib/python3.12/site-packages/dbt/cli/requires.py", line 101, in wrapper
[2024-11-14T17:19:25.722+0000] {subprocess.py:93} INFO -     return func(*args, **kwargs)
[2024-11-14T17:19:25.723+0000] {subprocess.py:93} INFO -            ^^^^^^^^^^^^^^^^^^^^^
[2024-11-14T17:19:25.723+0000] {subprocess.py:93} INFO -   File "/home/***/.local/lib/python3.12/site-packages/dbt/cli/requires.py", line 218, in wrapper
[2024-11-14T17:19:25.723+0000] {subprocess.py:93} INFO -     return func(*args, **kwargs)
[2024-11-14T17:19:25.723+0000] {subprocess.py:93} INFO -            ^^^^^^^^^^^^^^^^^^^^^
[2024-11-14T17:19:25.724+0000] {subprocess.py:93} INFO -   File "/home/***/.local/lib/python3.12/site-packages/dbt/cli/requires.py", line 247, in wrapper
[2024-11-14T17:19:25.724+0000] {subprocess.py:93} INFO -     return func(*args, **kwargs)
[2024-11-14T17:19:25.724+0000] {subprocess.py:93} INFO -            ^^^^^^^^^^^^^^^^^^^^^
[2024-11-14T17:19:25.724+0000] {subprocess.py:93} INFO -   File "/home/***/.local/lib/python3.12/site-packages/dbt/cli/requires.py", line 294, in wrapper
[2024-11-14T17:19:25.725+0000] {subprocess.py:93} INFO -     return func(*args, **kwargs)
[2024-11-14T17:19:25.725+0000] {subprocess.py:93} INFO -            ^^^^^^^^^^^^^^^^^^^^^
[2024-11-14T17:19:25.725+0000] {subprocess.py:93} INFO -   File "/home/***/.local/lib/python3.12/site-packages/dbt/cli/requires.py", line 320, in wrapper
[2024-11-14T17:19:25.725+0000] {subprocess.py:93} INFO -     ctx.obj["manifest"] = parse_manifest(
[2024-11-14T17:19:25.726+0000] {subprocess.py:93} INFO -                           ^^^^^^^^^^^^^^^
[2024-11-14T17:19:25.726+0000] {subprocess.py:93} INFO -   File "/home/***/.local/lib/python3.12/site-packages/dbt/parser/manifest.py", line 1898, in parse_manifest
[2024-11-14T17:19:25.726+0000] {subprocess.py:93} INFO -     manifest = ManifestLoader.get_full_manifest(
[2024-11-14T17:19:25.726+0000] {subprocess.py:93} INFO -                ^^^^^^^^^^^^^^^^^^^^^^^^^^^^^^^^^
[2024-11-14T17:19:25.727+0000] {subprocess.py:93} INFO -   File "/home/***/.local/lib/python3.12/site-packages/dbt/parser/manifest.py", line 330, in get_full_manifest
[2024-11-14T17:19:25.727+0000] {subprocess.py:93} INFO -     manifest = loader.load()
[2024-11-14T17:19:25.727+0000] {subprocess.py:93} INFO -                ^^^^^^^^^^^^^
[2024-11-14T17:19:25.727+0000] {subprocess.py:93} INFO -   File "/home/***/.local/lib/python3.12/site-packages/dbt/parser/manifest.py", line 399, in load
[2024-11-14T17:19:25.727+0000] {subprocess.py:93} INFO -     self.load_and_parse_macros(project_parser_files)
[2024-11-14T17:19:25.728+0000] {subprocess.py:93} INFO -   File "/home/***/.local/lib/python3.12/site-packages/dbt/parser/manifest.py", line 676, in load_and_parse_macros
[2024-11-14T17:19:25.728+0000] {subprocess.py:93} INFO -     block = FileBlock(self.manifest.files[file_id])
[2024-11-14T17:19:25.728+0000] {subprocess.py:93} INFO -                       ~~~~~~~~~~~~~~~~~~~^^^^^^^^^
[2024-11-14T17:19:25.729+0000] {subprocess.py:93} INFO - KeyError: 'dbt_snowflake://macros/catalog.sql'
[2024-11-14T17:19:25.729+0000] {subprocess.py:93} INFO - 
[2024-11-14T17:19:26.404+0000] {subprocess.py:97} INFO - Command exited with return code 2
[2024-11-14T17:19:26.405+0000] {taskinstance.py:441} INFO - ::group::Post task execution logs
[2024-11-14T17:19:26.459+0000] {local_task_job_runner.py:240} INFO - Task exited with return code 0
[2024-11-14T17:19:26.472+0000] {taskinstance.py:3498} INFO - 0 downstream tasks scheduled from follow-on schedule check
[2024-11-14T17:19:26.475+0000] {local_task_job_runner.py:222} INFO - ::endgroup::
