[2024-11-14T16:54:39.212+0000] {local_task_job_runner.py:120} INFO - ::group::Pre task execution logs
[2024-11-14T16:54:39.233+0000] {taskinstance.py:2076} INFO - Dependencies all met for dep_context=non-requeueable deps ti=<TaskInstance: Stock_DAG_ETL.load manual__2024-11-14T16:54:33.924693+00:00 [queued]>
[2024-11-14T16:54:39.240+0000] {taskinstance.py:2076} INFO - Dependencies all met for dep_context=requeueable deps ti=<TaskInstance: Stock_DAG_ETL.load manual__2024-11-14T16:54:33.924693+00:00 [queued]>
[2024-11-14T16:54:39.241+0000] {taskinstance.py:2306} INFO - Starting attempt 1 of 1
[2024-11-14T16:54:39.250+0000] {taskinstance.py:2330} INFO - Executing <Task(_PythonDecoratedOperator): load> on 2024-11-14 16:54:33.924693+00:00
[2024-11-14T16:54:39.256+0000] {standard_task_runner.py:90} INFO - Running: ['***', 'tasks', 'run', 'Stock_DAG_ETL', 'load', 'manual__2024-11-14T16:54:33.924693+00:00', '--job-id', '73', '--raw', '--subdir', 'DAGS_FOLDER/Stock_DAG_ETL.py', '--cfg-path', '/tmp/tmpnzwimg9r']
[2024-11-14T16:54:39.258+0000] {standard_task_runner.py:91} INFO - Job 73: Subtask load
[2024-11-14T16:54:39.261+0000] {logging_mixin.py:188} WARNING - /home/***/.local/lib/python3.12/site-packages/***/task/task_runner/standard_task_runner.py:61 DeprecationWarning: This process (pid=403) is multi-threaded, use of fork() may lead to deadlocks in the child.
[2024-11-14T16:54:39.262+0000] {standard_task_runner.py:63} INFO - Started process 406 to run task
[2024-11-14T16:54:39.294+0000] {task_command.py:426} INFO - Running <TaskInstance: Stock_DAG_ETL.load manual__2024-11-14T16:54:33.924693+00:00 [running]> on host 773bdfe74e06
[2024-11-14T16:54:39.363+0000] {taskinstance.py:2648} INFO - Exporting env vars: AIRFLOW_CTX_DAG_OWNER='***' AIRFLOW_CTX_DAG_ID='Stock_DAG_ETL' AIRFLOW_CTX_TASK_ID='load' AIRFLOW_CTX_EXECUTION_DATE='2024-11-14T16:54:33.924693+00:00' AIRFLOW_CTX_TRY_NUMBER='1' AIRFLOW_CTX_DAG_RUN_ID='manual__2024-11-14T16:54:33.924693+00:00'
[2024-11-14T16:54:39.365+0000] {taskinstance.py:430} INFO - ::endgroup::
[2024-11-14T16:54:39.513+0000] {cursor.py:1149} INFO - Number of results in first chunk: 1
[2024-11-14T16:54:39.716+0000] {cursor.py:1149} INFO - Number of results in first chunk: 1
[2024-11-14T16:54:40.004+0000] {cursor.py:1149} INFO - Number of results in first chunk: 1
[2024-11-14T16:55:28.223+0000] {logging_mixin.py:188} INFO - Data loaded successfully for stock symbol: MSFT
[2024-11-14T16:56:10.900+0000] {logging_mixin.py:188} INFO - Data loaded successfully for stock symbol: AAPL
[2024-11-14T16:56:11.067+0000] {cursor.py:1149} INFO - Number of results in first chunk: 1
[2024-11-14T16:56:11.067+0000] {logging_mixin.py:188} INFO - All data loaded successfully.
[2024-11-14T16:56:11.068+0000] {python.py:237} INFO - Done. Returned value was: None
[2024-11-14T16:56:11.068+0000] {taskinstance.py:441} INFO - ::group::Post task execution logs
[2024-11-14T16:56:11.075+0000] {taskinstance.py:1206} INFO - Marking task as SUCCESS. dag_id=Stock_DAG_ETL, task_id=load, run_id=manual__2024-11-14T16:54:33.924693+00:00, execution_date=20241114T165433, start_date=20241114T165439, end_date=20241114T165611
[2024-11-14T16:56:11.114+0000] {local_task_job_runner.py:240} INFO - Task exited with return code 0
[2024-11-14T16:56:11.125+0000] {taskinstance.py:3498} INFO - 0 downstream tasks scheduled from follow-on schedule check
[2024-11-14T16:56:11.128+0000] {local_task_job_runner.py:222} INFO - ::endgroup::
